<?xml version="1.0" encoding="UTF-8"?>
<!-- Generated by org.testng.reporters.JUnitXMLReporter -->
<testsuite ignored="0" hostname="DESKTOP-F9SN8P7" failures="0" tests="3" name="Test" time="0.113" errors="0" timestamp="2021-11-10T22:26:24 IST">
  <testcase classname="com.crm.Comcast_MVN.CreateorgwithcontactTest" name="createorgwithOrg" time="0.014"/>
  <testcase classname="com.crm.Comcast_MVN.CreatecontactTest" name="creatContactTest" time="0.002"/>
  <testcase classname="com.crm.Comcast_MVN.OrgnaizationTest" name="organizationTest" time="0.001"/>
</testsuite> <!-- Test -->
