<?xml version="1.0" encoding="UTF-8"?>
<testng-results ignored="0" total="1" passed="1" failed="0" skipped="0">
  <reporter-output>
  </reporter-output>
  <suite started-at="2021-11-11T10:03:21 IST" name="Default suite" finished-at="2021-11-11T10:03:21 IST" duration-ms="89">
    <groups>
    </groups>
    <test started-at="2021-11-11T10:03:21 IST" name="Default test" finished-at="2021-11-11T10:03:21 IST" duration-ms="89">
      <class name="com.crm.Comcast_MVN.DynamicDatapassTest">
        <test-method signature="dynamicdatapassTest()[pri:0, instance:com.crm.Comcast_MVN.DynamicDatapassTest@4f67eb2a]" started-at="2021-11-11T10:03:21 IST" name="dynamicdatapassTest" finished-at="2021-11-11T10:03:21 IST" duration-ms="15" status="PASS">
          <reporter-output>
          </reporter-output>
        </test-method> <!-- dynamicdatapassTest -->
      </class> <!-- com.crm.Comcast_MVN.DynamicDatapassTest -->
    </test> <!-- Default test -->
  </suite> <!-- Default suite -->
</testng-results>
